  01-pi-calculation-leibniz.cpp
C:\Program Files\Microsoft Visual Studio\2022\Community\VC\Tools\MSVC\14.34.31933\include\xmemory(154,5): warning C4365: 'argument': conversion from 'long' to 'unsigned int', signed/unsigned mismatch
C:\Program Files\Microsoft Visual Studio\2022\Community\VC\Tools\MSVC\14.34.31933\include\xmemory(164,5): warning C4365: 'argument': conversion from 'long' to 'unsigned int', signed/unsigned mismatch
C:\Program Files\Microsoft Visual Studio\2022\Community\VC\Tools\MSVC\14.34.31933\include\atomic(93,9): warning C4365: 'argument': conversion from 'long' to 'unsigned int', signed/unsigned mismatch
C:\Program Files\Microsoft Visual Studio\2022\Community\VC\Tools\MSVC\14.34.31933\include\atomic(300,9): warning C4365: 'argument': conversion from 'long' to 'unsigned int', signed/unsigned mismatch
C:\Program Files\Microsoft Visual Studio\2022\Community\VC\Tools\MSVC\14.34.31933\include\atomic(316,9): warning C4365: 'argument': conversion from 'long' to 'unsigned int', signed/unsigned mismatch
C:\Program Files\Microsoft Visual Studio\2022\Community\VC\Tools\MSVC\14.34.31933\include\ppltaskscheduler.h(54,50): warning C4355: 'this': used in base member initializer list
C:\Program Files\Microsoft Visual Studio\2022\Community\VC\Tools\MSVC\14.34.31933\include\pplwin.h(80,1): warning C5204: 'Concurrency::details::_DefaultPPLTaskScheduler': class has virtual functions, but its trivial destructor is not virtual; instances of objects derived from this class may not be destructed correctly
C:\Program Files\Microsoft Visual Studio\2022\Community\VC\Tools\MSVC\14.34.31933\include\pplwin.h(62,78): warning C4355: 'this': used in base member initializer list
C:\Program Files\Microsoft Visual Studio\2022\Community\VC\Tools\MSVC\14.34.31933\include\pplcancellation_token.h(104,5): warning C4820: 'Concurrency::details::_RefCounter': '4' bytes padding added after data member 'Concurrency::details::_RefCounter::_M_refCount'
C:\Program Files\Microsoft Visual Studio\2022\Community\VC\Tools\MSVC\14.34.31933\include\pplcancellation_token.h(104,5): warning C5220: 'Concurrency::details::_RefCounter::_M_refCount': a non-static data member with a volatile qualified type no longer implies
           that compiler generated copy/move constructors and copy/move assignment operators are not trivial
C:\Program Files\Microsoft Visual Studio\2022\Community\VC\Tools\MSVC\14.34.31933\include\pplcancellation_token.h(103,23): message : see declaration of 'Concurrency::details::_RefCounter::_M_refCount'
C:\Program Files\Microsoft Visual Studio\2022\Community\VC\Tools\MSVC\14.34.31933\include\pplcancellation_token.h(171,35): warning C4820: 'Concurrency::details::_CancellationTokenRegistration': '4' bytes padding added after data member 'Concurrency::details::_CancellationTokenRegistration::_M_state'
C:\Program Files\Microsoft Visual Studio\2022\Community\VC\Tools\MSVC\14.34.31933\include\pplcancellation_token.h(174,49): warning C4820: 'Concurrency::details::_CancellationTokenRegistration': '7' bytes padding added after data member 'Concurrency::details::_CancellationTokenRegistration::_M_signaled'
C:\Program Files\Microsoft Visual Studio\2022\Community\VC\Tools\MSVC\14.34.31933\include\pplcancellation_token.h(175,5): warning C4625: 'Concurrency::details::_CancellationTokenRegistration': copy constructor was implicitly defined as deleted
C:\Program Files\Microsoft Visual Studio\2022\Community\VC\Tools\MSVC\14.34.31933\include\pplcancellation_token.h(175,5): warning C4626: 'Concurrency::details::_CancellationTokenRegistration': assignment operator was implicitly defined as deleted
C:\Program Files\Microsoft Visual Studio\2022\Community\VC\Tools\MSVC\14.34.31933\include\pplcancellation_token.h(220,5): warning C4625: 'Concurrency::details::CancellationTokenRegistration_TaskProc': copy constructor was implicitly defined as deleted
C:\Program Files\Microsoft Visual Studio\2022\Community\VC\Tools\MSVC\14.34.31933\include\pplcancellation_token.h(220,5): warning C5026: 'Concurrency::details::CancellationTokenRegistration_TaskProc': move constructor was implicitly defined as deleted
C:\Program Files\Microsoft Visual Studio\2022\Community\VC\Tools\MSVC\14.34.31933\include\pplcancellation_token.h(220,5): warning C4626: 'Concurrency::details::CancellationTokenRegistration_TaskProc': assignment operator was implicitly defined as deleted
C:\Program Files\Microsoft Visual Studio\2022\Community\VC\Tools\MSVC\14.34.31933\include\pplcancellation_token.h(220,5): warning C5027: 'Concurrency::details::CancellationTokenRegistration_TaskProc': move assignment operator was implicitly defined as deleted
C:\Program Files\Microsoft Visual Studio\2022\Community\VC\Tools\MSVC\14.34.31933\include\pplcancellation_token.h(504,22): warning C4820: 'Concurrency::details::_CancellationTokenState': '4' bytes padding added after data member 'Concurrency::details::_CancellationTokenState::_M_stateFlag'
C:\Program Files\Microsoft Visual Studio\2022\Community\VC\Tools\MSVC\14.34.31933\include\pplcancellation_token.h(508,5): warning C4625: 'Concurrency::details::_CancellationTokenState': copy constructor was implicitly defined as deleted
C:\Program Files\Microsoft Visual Studio\2022\Community\VC\Tools\MSVC\14.34.31933\include\pplcancellation_token.h(508,5): warning C4626: 'Concurrency::details::_CancellationTokenState': assignment operator was implicitly defined as deleted
C:\Program Files\Microsoft Visual Studio\2022\Community\VC\Tools\MSVC\14.34.31933\include\ppltasks.h(803,30): warning C4820: 'Concurrency::details::_ExceptionHolder': '4' bytes padding added after data member 'Concurrency::details::_ExceptionHolder::_M_exceptionObserved'
C:\Program Files\Microsoft Visual Studio\2022\Community\VC\Tools\MSVC\14.34.31933\include\ppltasks.h(811,5): warning C4625: 'Concurrency::details::_ExceptionHolder': copy constructor was implicitly defined as deleted
C:\Program Files\Microsoft Visual Studio\2022\Community\VC\Tools\MSVC\14.34.31933\include\ppltasks.h(811,5): warning C4626: 'Concurrency::details::_ExceptionHolder': assignment operator was implicitly defined as deleted
C:\Program Files\Microsoft Visual Studio\2022\Community\VC\Tools\MSVC\14.34.31933\include\ppltasks.h(1086,1): warning C4820: 'Concurrency::task_continuation_context': '7' bytes padding added after data member 'Concurrency::task_continuation_context::_M_RunInline'
C:\Program Files\Microsoft Visual Studio\2022\Community\VC\Tools\MSVC\14.34.31933\include\ppltasks.h(1094,32): warning C4820: 'Concurrency::details::_Internal_task_options': '7' bytes padding added after data member 'Concurrency::details::_Internal_task_options::_M_hasPresetCreationCallstack'
C:\Program Files\Microsoft Visual Studio\2022\Community\VC\Tools\MSVC\14.34.31933\include\ppltasks.h(1284,1): warning C4820: 'Concurrency::task_options': '6' bytes padding added after data member 'Concurrency::task_options::_M_HasScheduler'
C:\Program Files\Microsoft Visual Studio\2022\Community\VC\Tools\MSVC\14.34.31933\include\ppltasks.h(1302,57): warning C4820: 'Concurrency::details::_ThenImplOptions': '4' bytes padding added after data member 'Concurrency::details::_ThenImplOptions::_InliningMode'
C:\Program Files\Microsoft Visual Studio\2022\Community\VC\Tools\MSVC\14.34.31933\include\ppltasks.h(1350,29): warning C4820: 'Concurrency::details::_ContinuationTaskHandleBase': '3' bytes padding added after data member 'Concurrency::details::_ContinuationTaskHandleBase::_M_isTaskBasedContinuation'
C:\Program Files\Microsoft Visual Studio\2022\Community\VC\Tools\MSVC\14.34.31933\include\ppltasks.h(1397,5): warning C4820: 'Concurrency::details::_TaskEventLogger': '6' bytes padding added after data member 'Concurrency::details::_TaskEventLogger::_M_taskPostEventStarted'
C:\Program Files\Microsoft Visual Studio\2022\Community\VC\Tools\MSVC\14.34.31933\include\ppltasks.h(2082,45): warning C4820: 'Concurrency::details::_Task_impl_base': '2' bytes padding added after data member 'Concurrency::details::_Task_impl_base::_M_fUnwrappedTask'
C:\Program Files\Microsoft Visual Studio\2022\Community\VC\Tools\MSVC\14.34.31933\include\ppltasks.h(2106,5): warning C5220: 'Concurrency::details::_Task_impl_base::_M_TaskState': a non-static data member with a volatile qualified type no longer implies
           that compiler generated copy/move constructors and copy/move assignment operators are not trivial
C:\Program Files\Microsoft Visual Studio\2022\Community\VC\Tools\MSVC\14.34.31933\include\ppltasks.h(2072,37): message : see declaration of 'Concurrency::details::_Task_impl_base::_M_TaskState'
C:\Program Files\Microsoft Visual Studio\2022\Community\VC\Tools\MSVC\14.34.31933\include\ppltasks.h(1521,48): warning C4355: 'this': used in base member initializer list
C:\Program Files\Microsoft Visual Studio\2022\Community\VC\Tools\MSVC\14.34.31933\include\pplcancellation_token.h(197,1): warning C4625: 'Concurrency::details::_CancellationTokenCallback<Concurrency::details::_Task_impl_base::_RegisterCancellation::<lambda_1>>': copy constructor was implicitly defined as deleted
C:\Program Files\Microsoft Visual Studio\2022\Community\VC\Tools\MSVC\14.34.31933\include\ppltasks.h(1683,1): message : see reference to class template instantiation 'Concurrency::details::_CancellationTokenCallback<Concurrency::details::_Task_impl_base::_RegisterCancellation::<lambda_1>>' being compiled
C:\Program Files\Microsoft Visual Studio\2022\Community\VC\Tools\MSVC\14.34.31933\include\pplcancellation_token.h(197,1): warning C5026: 'Concurrency::details::_CancellationTokenCallback<Concurrency::details::_Task_impl_base::_RegisterCancellation::<lambda_1>>': move constructor was implicitly defined as deleted
C:\Program Files\Microsoft Visual Studio\2022\Community\VC\Tools\MSVC\14.34.31933\include\pplcancellation_token.h(197,1): warning C4626: 'Concurrency::details::_CancellationTokenCallback<Concurrency::details::_Task_impl_base::_RegisterCancellation::<lambda_1>>': assignment operator was implicitly defined as deleted
C:\Program Files\Microsoft Visual Studio\2022\Community\VC\Tools\MSVC\14.34.31933\include\pplcancellation_token.h(197,1): warning C5027: 'Concurrency::details::_CancellationTokenCallback<Concurrency::details::_Task_impl_base::_RegisterCancellation::<lambda_1>>': move assignment operator was implicitly defined as deleted
C:\Program Files\Microsoft Visual Studio\2022\Community\VC\Tools\MSVC\14.34.31933\include\ppltasks.h(2348,1): warning C4820: 'Concurrency::details::_Task_completion_event_impl<_ResultType>': '7' bytes padding added after data member 'Concurrency::details::_Task_completion_event_impl<_ResultType>::_M_value'
          with
          [
              _ResultType=Concurrency::details::_Unit_type
          ]
C:\Program Files\Microsoft Visual Studio\2022\Community\VC\Tools\MSVC\14.34.31933\include\ppltasks.h(2576,1): message : see reference to class template instantiation 'Concurrency::details::_Task_completion_event_impl<_ResultType>' being compiled
          with
          [
              _ResultType=Concurrency::details::_Unit_type
          ]
C:\Program Files\Microsoft Visual Studio\2022\Community\VC\Tools\MSVC\14.34.31933\include\ppltasks.h(2781,1): message : see reference to class template instantiation 'Concurrency::task_completion_event<Concurrency::details::_Unit_type>' being compiled
C:\Program Files\Microsoft Visual Studio\2022\Community\VC\Tools\MSVC\14.34.31933\include\ppltasks.h(2351,1): warning C4820: 'Concurrency::details::_Task_completion_event_impl<_ResultType>': '6' bytes padding added after data member 'Concurrency::details::_Task_completion_event_impl<_ResultType>::_M_fIsCanceled'
          with
          [
              _ResultType=Concurrency::details::_Unit_type
          ]
C:\Program Files\Microsoft Visual Studio\2022\Community\VC\Tools\MSVC\14.34.31933\include\ppltasks.h(2310,1): warning C4820: 'Concurrency::details::_Task_impl<_ReturnType>': '7' bytes padding added after data member 'Concurrency::details::_Task_impl<_ReturnType>::_M_Result'
          with
          [
              _ReturnType=Concurrency::details::_Unit_type
          ]
C:\Program Files\Microsoft Visual Studio\2022\Community\VC\Tools\MSVC\14.34.31933\include\ppltasks.h(4162,1): message : see reference to class template instantiation 'Concurrency::details::_Task_impl<_ReturnType>' being compiled
          with
          [
              _ReturnType=Concurrency::details::_Unit_type
          ]
C:\Program Files\Microsoft Visual Studio\2022\Community\VC\Tools\MSVC\14.34.31933\include\ppltasks.h(2311,1): warning C4625: 'Concurrency::details::_Task_impl<_ReturnType>': copy constructor was implicitly defined as deleted
          with
          [
              _ReturnType=Concurrency::details::_Unit_type
          ]
C:\Program Files\Microsoft Visual Studio\2022\Community\VC\Tools\MSVC\14.34.31933\include\ppltasks.h(2311,1): warning C4626: 'Concurrency::details::_Task_impl<_ReturnType>': assignment operator was implicitly defined as deleted
          with
          [
              _ReturnType=Concurrency::details::_Unit_type
          ]
C:\Program Files\Microsoft Visual Studio\2022\Community\VC\Tools\MSVC\14.34.31933\include\ppltasks.h(6102,1): warning C4625: 'Concurrency::details::_RunAllParam<Concurrency::details::_Unit_type>': copy constructor was implicitly defined as deleted
C:\Program Files\Microsoft Visual Studio\2022\Community\VC\Tools\MSVC\14.34.31933\include\ppltasks.h(6102,1): warning C5026: 'Concurrency::details::_RunAllParam<Concurrency::details::_Unit_type>': move constructor was implicitly defined as deleted
C:\Program Files\Microsoft Visual Studio\2022\Community\VC\Tools\MSVC\14.34.31933\include\ppltasks.h(6102,1): warning C4626: 'Concurrency::details::_RunAllParam<Concurrency::details::_Unit_type>': assignment operator was implicitly defined as deleted
C:\Program Files\Microsoft Visual Studio\2022\Community\VC\Tools\MSVC\14.34.31933\include\ppltasks.h(6102,1): warning C5027: 'Concurrency::details::_RunAllParam<Concurrency::details::_Unit_type>': move assignment operator was implicitly defined as deleted
C:\Program Files\Microsoft Visual Studio\2022\Community\VC\Tools\MSVC\14.34.31933\include\ppltasks.h(2351,1): warning C4820: 'Concurrency::details::_Task_completion_event_impl<_ResultType>': '6' bytes padding added after data member 'Concurrency::details::_Task_completion_event_impl<_ResultType>::_M_fIsCanceled'
          with
          [
              _ResultType=std::pair<size_t,Concurrency::details::_CancellationTokenState *>
          ]
C:\Program Files\Microsoft Visual Studio\2022\Community\VC\Tools\MSVC\14.34.31933\include\ppltasks.h(2576,1): message : see reference to class template instantiation 'Concurrency::details::_Task_completion_event_impl<_ResultType>' being compiled
          with
          [
              _ResultType=std::pair<size_t,Concurrency::details::_CancellationTokenState *>
          ]
C:\Program Files\Microsoft Visual Studio\2022\Community\VC\Tools\MSVC\14.34.31933\include\ppltasks.h(6586,1): message : see reference to class template instantiation 'Concurrency::task_completion_event<_CompletionType>' being compiled
          with
          [
              _CompletionType=std::pair<size_t,Concurrency::details::_CancellationTokenState *>
          ]
C:\Program Files\Microsoft Visual Studio\2022\Community\VC\Tools\MSVC\14.34.31933\include\ppltasks.h(6727,65): message : see reference to class template instantiation 'Concurrency::details::_RunAnyParam<std::pair<size_t,Concurrency::details::_CancellationTokenState *>>' being compiled
C:\Program Files\Microsoft Visual Studio\2022\Community\VC\Tools\MSVC\14.34.31933\include\ppltasks.h(6771,6): message : see reference to class template instantiation 'Concurrency::details::_WhenAnyImpl<void,_Iterator>' being compiled
C:\Program Files\Microsoft Visual Studio\2022\Community\VC\Tools\MSVC\14.34.31933\include\ppltasks.h(6592,1): warning C4820: 'Concurrency::details::_RunAnyParam<std::pair<size_t,Concurrency::details::_CancellationTokenState *>>': '7' bytes padding added after data member 'Concurrency::details::_RunAnyParam<std::pair<size_t,Concurrency::details::_CancellationTokenState *>>::_M_fHasExplicitToken'
C:\Program Files\Microsoft Visual Studio\2022\Community\VC\Tools\MSVC\14.34.31933\include\ppltasks.h(6592,1): warning C4625: 'Concurrency::details::_RunAnyParam<std::pair<size_t,Concurrency::details::_CancellationTokenState *>>': copy constructor was implicitly defined as deleted
C:\Program Files\Microsoft Visual Studio\2022\Community\VC\Tools\MSVC\14.34.31933\include\ppltasks.h(6592,1): warning C4626: 'Concurrency::details::_RunAnyParam<std::pair<size_t,Concurrency::details::_CancellationTokenState *>>': assignment operator was implicitly defined as deleted
D:\Projects\C++\Multithreading-Training\01 - Pi Calculation Leibniz\01-pi-calculation-leibniz.cpp(47,20): warning C4388: '<': signed/unsigned mismatch
D:\Projects\C++\Multithreading-Training\01 - Pi Calculation Leibniz\01-pi-calculation-leibniz.cpp(49,26): warning C4365: 'argument': conversion from 'int' to 'const unsigned __int64', signed/unsigned mismatch
D:\Projects\C++\Multithreading-Training\01 - Pi Calculation Leibniz\01-pi-calculation-leibniz.cpp(32,27): warning C4100: 'argv': unreferenced formal parameter
D:\Projects\C++\Multithreading-Training\01 - Pi Calculation Leibniz\01-pi-calculation-leibniz.cpp(32,14): warning C4100: 'argc': unreferenced formal parameter
C:\Program Files\Microsoft Visual Studio\2022\Community\VC\Tools\MSVC\14.34.31933\include\pplcancellation_token.h(197,1): warning C4625: 'Concurrency::details::_CancellationTokenCallback<Concurrency::cancellation_token_source::create_linked_source::<lambda_1>>': copy constructor was implicitly defined as deleted
C:\Program Files\Microsoft Visual Studio\2022\Community\VC\Tools\MSVC\14.34.31933\include\pplcancellation_token.h(720,1): message : see reference to class template instantiation 'Concurrency::details::_CancellationTokenCallback<Concurrency::cancellation_token_source::create_linked_source::<lambda_1>>' being compiled
C:\Program Files\Microsoft Visual Studio\2022\Community\VC\Tools\MSVC\14.34.31933\include\pplcancellation_token.h(900,1): message : see reference to function template instantiation 'Concurrency::cancellation_token_registration Concurrency::cancellation_token::register_callback<Concurrency::cancellation_token_source::create_linked_source::<lambda_1>>(const _Function &) const' being compiled
          with
          [
              _Function=Concurrency::cancellation_token_source::create_linked_source::<lambda_1>
          ]
C:\Program Files\Microsoft Visual Studio\2022\Community\VC\Tools\MSVC\14.34.31933\include\pplcancellation_token.h(197,1): warning C5026: 'Concurrency::details::_CancellationTokenCallback<Concurrency::cancellation_token_source::create_linked_source::<lambda_1>>': move constructor was implicitly defined as deleted
C:\Program Files\Microsoft Visual Studio\2022\Community\VC\Tools\MSVC\14.34.31933\include\pplcancellation_token.h(197,1): warning C4626: 'Concurrency::details::_CancellationTokenCallback<Concurrency::cancellation_token_source::create_linked_source::<lambda_1>>': assignment operator was implicitly defined as deleted
C:\Program Files\Microsoft Visual Studio\2022\Community\VC\Tools\MSVC\14.34.31933\include\pplcancellation_token.h(197,1): warning C5027: 'Concurrency::details::_CancellationTokenCallback<Concurrency::cancellation_token_source::create_linked_source::<lambda_1>>': move assignment operator was implicitly defined as deleted
C:\Program Files\Microsoft Visual Studio\2022\Community\VC\Tools\MSVC\14.34.31933\include\pplcancellation_token.h(197,1): warning C4625: 'Concurrency::details::_CancellationTokenCallback<Concurrency::details::_JoinAllTokens_Add::<lambda_1>>': copy constructor was implicitly defined as deleted
C:\Program Files\Microsoft Visual Studio\2022\Community\VC\Tools\MSVC\14.34.31933\include\pplcancellation_token.h(720,1): message : see reference to class template instantiation 'Concurrency::details::_CancellationTokenCallback<Concurrency::details::_JoinAllTokens_Add::<lambda_1>>' being compiled
C:\Program Files\Microsoft Visual Studio\2022\Community\VC\Tools\MSVC\14.34.31933\include\ppltasks.h(6111,18): message : see reference to function template instantiation 'Concurrency::cancellation_token_registration Concurrency::cancellation_token::register_callback<Concurrency::details::_JoinAllTokens_Add::<lambda_1>>(const _Function &) const' being compiled
          with
          [
              _Function=Concurrency::details::_JoinAllTokens_Add::<lambda_1>
          ]
C:\Program Files\Microsoft Visual Studio\2022\Community\VC\Tools\MSVC\14.34.31933\include\pplcancellation_token.h(197,1): warning C5026: 'Concurrency::details::_CancellationTokenCallback<Concurrency::details::_JoinAllTokens_Add::<lambda_1>>': move constructor was implicitly defined as deleted
C:\Program Files\Microsoft Visual Studio\2022\Community\VC\Tools\MSVC\14.34.31933\include\pplcancellation_token.h(197,1): warning C4626: 'Concurrency::details::_CancellationTokenCallback<Concurrency::details::_JoinAllTokens_Add::<lambda_1>>': assignment operator was implicitly defined as deleted
C:\Program Files\Microsoft Visual Studio\2022\Community\VC\Tools\MSVC\14.34.31933\include\pplcancellation_token.h(197,1): warning C5027: 'Concurrency::details::_CancellationTokenCallback<Concurrency::details::_JoinAllTokens_Add::<lambda_1>>': move assignment operator was implicitly defined as deleted
C:\Program Files\Microsoft Visual Studio\2022\Community\VC\Tools\MSVC\14.34.31933\include\pplinterface.h(175,5): warning C4514: 'Concurrency::task_canceled::task_canceled': unreferenced inline function has been removed
C:\Program Files\Microsoft Visual Studio\2022\Community\VC\Tools\MSVC\14.34.31933\include\pplinterface.h(199,5): warning C4514: 'Concurrency::details::_Interruption_exception::_Interruption_exception': unreferenced inline function has been removed
C:\Program Files\Microsoft Visual Studio\2022\Community\VC\Tools\MSVC\14.34.31933\include\pplinterface.h(203,5): warning C4514: 'Concurrency::details::_Interruption_exception::_Interruption_exception': unreferenced inline function has been removed
C:\Program Files\Microsoft Visual Studio\2022\Community\VC\Tools\MSVC\14.34.31933\include\pplcancellation_token.h(127,34): warning C4514: 'Concurrency::details::_CancellationTokenRegistration::_GetToken': unreferenced inline function has been removed
C:\Program Files\Microsoft Visual Studio\2022\Community\VC\Tools\MSVC\14.34.31933\include\pplcancellation_token.h(329,42): warning C4514: 'Concurrency::details::_CancellationTokenState::_NewTokenState': unreferenced inline function has been removed
C:\Program Files\Microsoft Visual Studio\2022\Community\VC\Tools\MSVC\14.34.31933\include\pplcancellation_token.h(388,41): warning C4514: 'Concurrency::details::_CancellationTokenState::_RegisterCallback': unreferenced inline function has been removed
C:\Program Files\Microsoft Visual Studio\2022\Community\VC\Tools\MSVC\14.34.31933\include\pplcancellation_token.h(526,5): warning C4514: 'Concurrency::cancellation_token_registration::cancellation_token_registration': unreferenced inline function has been removed
C:\Program Files\Microsoft Visual Studio\2022\Community\VC\Tools\MSVC\14.34.31933\include\pplcancellation_token.h(536,5): warning C4514: 'Concurrency::cancellation_token_registration::cancellation_token_registration': unreferenced inline function has been removed
C:\Program Files\Microsoft Visual Studio\2022\Community\VC\Tools\MSVC\14.34.31933\include\pplcancellation_token.h(541,5): warning C4514: 'Concurrency::cancellation_token_registration::cancellation_token_registration': unreferenced inline function has been removed
C:\Program Files\Microsoft Visual Studio\2022\Community\VC\Tools\MSVC\14.34.31933\include\pplcancellation_token.h(546,38): warning C4514: 'Concurrency::cancellation_token_registration::operator =': unreferenced inline function has been removed
C:\Program Files\Microsoft Visual Studio\2022\Community\VC\Tools\MSVC\14.34.31933\include\pplcancellation_token.h(556,38): warning C4514: 'Concurrency::cancellation_token_registration::operator =': unreferenced inline function has been removed
C:\Program Files\Microsoft Visual Studio\2022\Community\VC\Tools\MSVC\14.34.31933\include\pplcancellation_token.h(571,10): warning C4514: 'Concurrency::cancellation_token_registration::operator !=': unreferenced inline function has been removed
C:\Program Files\Microsoft Visual Studio\2022\Community\VC\Tools\MSVC\14.34.31933\include\pplcancellation_token.h(640,5): warning C4514: 'Concurrency::cancellation_token::cancellation_token': unreferenced inline function has been removed
C:\Program Files\Microsoft Visual Studio\2022\Community\VC\Tools\MSVC\14.34.31933\include\pplcancellation_token.h(655,25): warning C4514: 'Concurrency::cancellation_token::operator =': unreferenced inline function has been removed
C:\Program Files\Microsoft Visual Studio\2022\Community\VC\Tools\MSVC\14.34.31933\include\pplcancellation_token.h(670,10): warning C4514: 'Concurrency::cancellation_token::operator !=': unreferenced inline function has been removed
C:\Program Files\Microsoft Visual Studio\2022\Community\VC\Tools\MSVC\14.34.31933\include\pplcancellation_token.h(686,10): warning C4514: 'Concurrency::cancellation_token::is_cancelable': unreferenced inline function has been removed
C:\Program Files\Microsoft Visual Studio\2022\Community\VC\Tools\MSVC\14.34.31933\include\pplcancellation_token.h(697,10): warning C4514: 'Concurrency::cancellation_token::is_canceled': unreferenced inline function has been removed
C:\Program Files\Microsoft Visual Studio\2022\Community\VC\Tools\MSVC\14.34.31933\include\pplcancellation_token.h(740,10): warning C4514: 'Concurrency::cancellation_token::deregister_callback': unreferenced inline function has been removed
C:\Program Files\Microsoft Visual Studio\2022\Community\VC\Tools\MSVC\14.34.31933\include\pplcancellation_token.h(745,15): warning C4514: 'Concurrency::cancellation_token::_GetImpl': unreferenced inline function has been removed
C:\Program Files\Microsoft Visual Studio\2022\Community\VC\Tools\MSVC\14.34.31933\include\pplcancellation_token.h(837,32): warning C4514: 'Concurrency::cancellation_token_source::operator =': unreferenced inline function has been removed
C:\Program Files\Microsoft Visual Studio\2022\Community\VC\Tools\MSVC\14.34.31933\include\pplcancellation_token.h(847,32): warning C4514: 'Concurrency::cancellation_token_source::operator =': unreferenced inline function has been removed
C:\Program Files\Microsoft Visual Studio\2022\Community\VC\Tools\MSVC\14.34.31933\include\pplcancellation_token.h(862,10): warning C4514: 'Concurrency::cancellation_token_source::operator !=': unreferenced inline function has been removed
C:\Program Files\Microsoft Visual Studio\2022\Community\VC\Tools\MSVC\14.34.31933\include\pplcancellation_token.h(882,24): warning C4514: 'Concurrency::cancellation_token_source::get_token': unreferenced inline function has been removed
C:\Program Files\Microsoft Visual Studio\2022\Community\VC\Tools\MSVC\14.34.31933\include\pplcancellation_token.h(897,38): warning C4514: 'Concurrency::cancellation_token_source::create_linked_source': unreferenced inline function has been removed
C:\Program Files\Microsoft Visual Studio\2022\Community\VC\Tools\MSVC\14.34.31933\include\pplcancellation_token.h(938,15): warning C4514: 'Concurrency::cancellation_token_source::_GetImpl': unreferenced inline function has been removed
C:\Program Files\Microsoft Visual Studio\2022\Community\VC\Tools\MSVC\14.34.31933\include\pplcancellation_token.h(943,38): warning C4514: 'Concurrency::cancellation_token_source::_FromImpl': unreferenced inline function has been removed
C:\Program Files\Microsoft Visual Studio\2022\Community\VC\Tools\MSVC\14.34.31933\include\ppltasks.h(147,42): warning C4514: 'Concurrency::cancel_current_task': unreferenced inline function has been removed
C:\Program Files\Microsoft Visual Studio\2022\Community\VC\Tools\MSVC\14.34.31933\include\ppltasks.h(185,39): warning C4514: 'Concurrency::details::_TaskCreationCallstack::_CaptureSingleFrameCallstack': unreferenced inline function has been removed
C:\Program Files\Microsoft Visual Studio\2022\Community\VC\Tools\MSVC\14.34.31933\include\ppltasks.h(591,27): warning C4514: 'Concurrency::details::_ContextCallback::operator =': unreferenced inline function has been removed
C:\Program Files\Microsoft Visual Studio\2022\Community\VC\Tools\MSVC\14.34.31933\include\ppltasks.h(614,14): warning C4514: 'Concurrency::details::_ContextCallback::operator !=': unreferenced inline function has been removed
C:\Program Files\Microsoft Visual Studio\2022\Community\VC\Tools\MSVC\14.34.31933\include\ppltasks.h(669,14): warning C4514: 'Concurrency::details::_ResultHolder<std::vector<bool,std::allocator<bool>>>::Set': unreferenced inline function has been removed
C:\Program Files\Microsoft Visual Studio\2022\Community\VC\Tools\MSVC\14.34.31933\include\ppltasks.h(675,29): warning C4514: 'Concurrency::details::_ResultHolder<std::vector<bool,std::allocator<bool>>>::Get': unreferenced inline function has been removed
C:\Program Files\Microsoft Visual Studio\2022\Community\VC\Tools\MSVC\14.34.31933\include\ppltasks.h(995,38): warning C4514: 'Concurrency::task_continuation_context::get_current_winrt_context': unreferenced inline function has been removed
C:\Program Files\Microsoft Visual Studio\2022\Community\VC\Tools\MSVC\14.34.31933\include\ppltasks.h(1056,38): warning C4514: 'Concurrency::task_continuation_context::use_synchronous_execution': unreferenced inline function has been removed
C:\Program Files\Microsoft Visual Studio\2022\Community\VC\Tools\MSVC\14.34.31933\include\ppltasks.h(1133,5): warning C4514: 'Concurrency::task_options::task_options': unreferenced inline function has been removed
C:\Program Files\Microsoft Visual Studio\2022\Community\VC\Tools\MSVC\14.34.31933\include\ppltasks.h(1145,5): warning C4514: 'Concurrency::task_options::task_options': unreferenced inline function has been removed
C:\Program Files\Microsoft Visual Studio\2022\Community\VC\Tools\MSVC\14.34.31933\include\ppltasks.h(1157,5): warning C4514: 'Concurrency::task_options::task_options': unreferenced inline function has been removed
C:\Program Files\Microsoft Visual Studio\2022\Community\VC\Tools\MSVC\14.34.31933\include\ppltasks.h(1182,5): warning C4514: 'Concurrency::task_options::task_options': unreferenced inline function has been removed
C:\Program Files\Microsoft Visual Studio\2022\Community\VC\Tools\MSVC\14.34.31933\include\ppltasks.h(1194,5): warning C4514: 'Concurrency::task_options::task_options': unreferenced inline function has been removed
C:\Program Files\Microsoft Visual Studio\2022\Community\VC\Tools\MSVC\14.34.31933\include\ppltasks.h(1218,10): warning C4514: 'Concurrency::task_options::set_cancellation_token': unreferenced inline function has been removed
C:\Program Files\Microsoft Visual Studio\2022\Community\VC\Tools\MSVC\14.34.31933\include\ppltasks.h(1227,10): warning C4514: 'Concurrency::task_options::set_continuation_context': unreferenced inline function has been removed
C:\Program Files\Microsoft Visual Studio\2022\Community\VC\Tools\MSVC\14.34.31933\include\ppltasks.h(1304,33): warning C4514: 'Concurrency::details::_ThenImplOptions::_CreateOptions': unreferenced inline function has been removed
C:\Program Files\Microsoft Visual Studio\2022\Community\VC\Tools\MSVC\14.34.31933\include\ppltasks.h(1354,9): warning C4514: 'Concurrency::details::_ContinuationTaskHandleBase::_ContinuationTaskHandleBase': unreferenced inline function has been removed
C:\Program Files\Microsoft Visual Studio\2022\Community\VC\Tools\MSVC\14.34.31933\include\ppltasks.h(2717,10): warning C4514: 'Concurrency::task_completion_event<void>::set_exception': unreferenced inline function has been removed
C:\Program Files\Microsoft Visual Studio\2022\Community\VC\Tools\MSVC\14.34.31933\include\ppltasks.h(2727,10): warning C4514: 'Concurrency::task_completion_event<void>::_Cancel': unreferenced inline function has been removed
C:\Program Files\Microsoft Visual Studio\2022\Community\VC\Tools\MSVC\14.34.31933\include\ppltasks.h(2736,10): warning C4514: 'Concurrency::task_completion_event<void>::_Cancel': unreferenced inline function has been removed
C:\Program Files\Microsoft Visual Studio\2022\Community\VC\Tools\MSVC\14.34.31933\include\ppltasks.h(2746,10): warning C4514: 'Concurrency::task_completion_event<void>::_StoreException': unreferenced inline function has been removed
C:\Program Files\Microsoft Visual Studio\2022\Community\VC\Tools\MSVC\14.34.31933\include\ppltasks.h(2755,10): warning C4514: 'Concurrency::task_completion_event<void>::_ClearStoredException': unreferenced inline function has been removed
C:\Program Files\Microsoft Visual Studio\2022\Community\VC\Tools\MSVC\14.34.31933\include\ppltasks.h(2763,10): warning C4514: 'Concurrency::task_completion_event<void>::_IsTriggered': unreferenced inline function has been removed
C:\Program Files\Microsoft Visual Studio\2022\Community\VC\Tools\MSVC\14.34.31933\include\ppltasks.h(2775,10): warning C4514: 'Concurrency::task_completion_event<void>::_RegisterTask': unreferenced inline function has been removed
C:\Program Files\Microsoft Visual Studio\2022\Community\VC\Tools\MSVC\14.34.31933\include\ppltasks.h(2893,17): warning C4514: 'Concurrency::_Continuation_func_transformer<void,void>::_Perform': unreferenced inline function has been removed
C:\Program Files\Microsoft Visual Studio\2022\Community\VC\Tools\MSVC\14.34.31933\include\ppltasks.h(4060,5): warning C4514: 'Concurrency::task<void>::task': unreferenced inline function has been removed
C:\Program Files\Microsoft Visual Studio\2022\Community\VC\Tools\MSVC\14.34.31933\include\ppltasks.h(4100,11): warning C4514: 'Concurrency::task<void>::operator =': unreferenced inline function has been removed
C:\Program Files\Microsoft Visual Studio\2022\Community\VC\Tools\MSVC\14.34.31933\include\ppltasks.h(4239,10): warning C4514: 'Concurrency::task<void>::get': unreferenced inline function has been removed
C:\Program Files\Microsoft Visual Studio\2022\Community\VC\Tools\MSVC\14.34.31933\include\ppltasks.h(4253,10): warning C4514: 'Concurrency::task<void>::is_done': unreferenced inline function has been removed
C:\Program Files\Microsoft Visual Studio\2022\Community\VC\Tools\MSVC\14.34.31933\include\ppltasks.h(4264,19): warning C4514: 'Concurrency::task<void>::scheduler': unreferenced inline function has been removed
C:\Program Files\Microsoft Visual Studio\2022\Community\VC\Tools\MSVC\14.34.31933\include\ppltasks.h(4276,10): warning C4514: 'Concurrency::task<void>::is_apartment_aware': unreferenced inline function has been removed
C:\Program Files\Microsoft Visual Studio\2022\Community\VC\Tools\MSVC\14.34.31933\include\ppltasks.h(4300,10): warning C4514: 'Concurrency::task<void>::operator !=': unreferenced inline function has been removed
C:\Program Files\Microsoft Visual Studio\2022\Community\VC\Tools\MSVC\14.34.31933\include\ppltasks.h(4308,10): warning C4514: 'Concurrency::task<void>::_CreateImpl': unreferenced inline function has been removed
C:\Program Files\Microsoft Visual Studio\2022\Community\VC\Tools\MSVC\14.34.31933\include\ppltasks.h(4316,60): warning C4514: 'Concurrency::task<void>::_GetImpl': unreferenced inline function has been removed
C:\Program Files\Microsoft Visual Studio\2022\Community\VC\Tools\MSVC\14.34.31933\include\ppltasks.h(4321,60): warning C4514: 'Concurrency::task<void>::_ThenGetImpl': unreferenced inline function has been removed
C:\Program Files\Microsoft Visual Studio\2022\Community\VC\Tools\MSVC\14.34.31933\include\ppltasks.h(4334,10): warning C4514: 'Concurrency::task<void>::_SetImpl': unreferenced inline function has been removed
C:\Program Files\Microsoft Visual Studio\2022\Community\VC\Tools\MSVC\14.34.31933\include\ppltasks.h(4342,10): warning C4514: 'Concurrency::task<void>::_SetImpl': unreferenced inline function has been removed
C:\Program Files\Microsoft Visual Studio\2022\Community\VC\Tools\MSVC\14.34.31933\include\ppltasks.h(4350,10): warning C4514: 'Concurrency::task<void>::_SetAsync': unreferenced inline function has been removed
C:\Program Files\Microsoft Visual Studio\2022\Community\VC\Tools\MSVC\14.34.31933\include\ppltasks.h(4358,10): warning C4514: 'Concurrency::task<void>::_SetTaskCreationCallstack': unreferenced inline function has been removed
C:\Program Files\Microsoft Visual Studio\2022\Community\VC\Tools\MSVC\14.34.31933\include\ppltasks.h(4504,17): warning C4514: 'Concurrency::details::_IsHRCOMDisconnected': unreferenced inline function has been removed
C:\Program Files\Microsoft Visual Studio\2022\Community\VC\Tools\MSVC\14.34.31933\include\ppltasks.h(6090,9): warning C4514: 'Concurrency::details::_RunAllParam<Concurrency::details::_Unit_type>::_RunAllParam': unreferenced inline function has been removed
C:\Program Files\Microsoft Visual Studio\2022\Community\VC\Tools\MSVC\14.34.31933\include\ppltasks.h(6094,14): warning C4514: 'Concurrency::details::_RunAllParam<Concurrency::details::_Unit_type>::_Resize': unreferenced inline function has been removed
C:\Program Files\Microsoft Visual Studio\2022\Community\VC\Tools\MSVC\14.34.31933\include\ppltasks.h(6104,17): warning C4514: 'Concurrency::details::_JoinAllTokens_Add': unreferenced inline function has been removed
C:\Program Files\Microsoft Visual Studio\2022\Community\VC\Tools\MSVC\14.34.31933\include\ppltasks.h(7065,19): warning C4514: 'Concurrency::task_from_result': unreferenced inline function has been removed
C:\Program Files\Microsoft Visual Studio\2022\Community\VC\Tools\MSVC\14.34.31933\include\functional(2037,34): warning C5264: 'std::placeholders::_4': 'const' variable is not used
C:\Program Files\Microsoft Visual Studio\2022\Community\VC\Tools\MSVC\14.34.31933\include\functional(2035,34): warning C5264: 'std::placeholders::_2': 'const' variable is not used
C:\Program Files\Microsoft Visual Studio\2022\Community\VC\Tools\MSVC\14.34.31933\include\functional(2036,34): warning C5264: 'std::placeholders::_3': 'const' variable is not used
C:\Program Files\Microsoft Visual Studio\2022\Community\VC\Tools\MSVC\14.34.31933\include\functional(2034,34): warning C5264: 'std::placeholders::_1': 'const' variable is not used
C:\Program Files\Microsoft Visual Studio\2022\Community\VC\Tools\MSVC\14.34.31933\include\functional(2051,35): warning C5264: 'std::placeholders::_18': 'const' variable is not used
C:\Program Files\Microsoft Visual Studio\2022\Community\VC\Tools\MSVC\14.34.31933\include\functional(2038,34): warning C5264: 'std::placeholders::_5': 'const' variable is not used
C:\Program Files\Microsoft Visual Studio\2022\Community\VC\Tools\MSVC\14.34.31933\include\functional(2052,35): warning C5264: 'std::placeholders::_19': 'const' variable is not used
C:\Program Files\Microsoft Visual Studio\2022\Community\VC\Tools\MSVC\14.34.31933\include\functional(2047,35): warning C5264: 'std::placeholders::_14': 'const' variable is not used
C:\Program Files\Microsoft Visual Studio\2022\Community\VC\Tools\MSVC\14.34.31933\include\functional(2040,34): warning C5264: 'std::placeholders::_7': 'const' variable is not used
C:\Program Files\Microsoft Visual Studio\2022\Community\VC\Tools\MSVC\14.34.31933\include\functional(2046,35): warning C5264: 'std::placeholders::_13': 'const' variable is not used
C:\Program Files\Microsoft Visual Studio\2022\Community\VC\Tools\MSVC\14.34.31933\include\functional(2045,35): warning C5264: 'std::placeholders::_12': 'const' variable is not used
C:\Program Files\Microsoft Visual Studio\2022\Community\VC\Tools\MSVC\14.34.31933\include\functional(2042,34): warning C5264: 'std::placeholders::_9': 'const' variable is not used
C:\Program Files\Microsoft Visual Studio\2022\Community\VC\Tools\MSVC\14.34.31933\include\functional(2041,34): warning C5264: 'std::placeholders::_8': 'const' variable is not used
C:\Program Files\Microsoft Visual Studio\2022\Community\VC\Tools\MSVC\14.34.31933\include\functional(2049,35): warning C5264: 'std::placeholders::_16': 'const' variable is not used
C:\Program Files\Microsoft Visual Studio\2022\Community\VC\Tools\MSVC\14.34.31933\include\functional(2044,35): warning C5264: 'std::placeholders::_11': 'const' variable is not used
C:\Program Files\Microsoft Visual Studio\2022\Community\VC\Tools\MSVC\14.34.31933\include\functional(2053,35): warning C5264: 'std::placeholders::_20': 'const' variable is not used
C:\Program Files\Microsoft Visual Studio\2022\Community\VC\Tools\MSVC\14.34.31933\include\functional(2043,35): warning C5264: 'std::placeholders::_10': 'const' variable is not used
C:\Program Files\Microsoft Visual Studio\2022\Community\VC\Tools\MSVC\14.34.31933\include\functional(2048,35): warning C5264: 'std::placeholders::_15': 'const' variable is not used
C:\Program Files\Microsoft Visual Studio\2022\Community\VC\Tools\MSVC\14.34.31933\include\functional(2039,34): warning C5264: 'std::placeholders::_6': 'const' variable is not used
C:\Program Files\Microsoft Visual Studio\2022\Community\VC\Tools\MSVC\14.34.31933\include\functional(2050,35): warning C5264: 'std::placeholders::_17': 'const' variable is not used
C:\Program Files\Microsoft Visual Studio\2022\Community\VC\Tools\MSVC\14.34.31933\include\utility(127,39): warning C5264: 'std::allocator_arg': 'const' variable is not used
C:\Program Files\Microsoft Visual Studio\2022\Community\VC\Tools\MSVC\14.34.31933\include\__msvc_chrono.hpp(75,32): warning C5264: 'std::chrono::_Is_duration_v<std::chrono::seconds>': 'const' variable is not used
C:\Program Files\Microsoft Visual Studio\2022\Community\VC\Tools\MSVC\14.34.31933\include\__msvc_chrono.hpp(75,32): warning C5264: 'std::chrono::_Is_duration_v<std::chrono::duration<double,std::ratio<1,1>>>': 'const' variable is not used
C:\Program Files\Microsoft Visual Studio\2022\Community\VC\Tools\MSVC\14.34.31933\include\__msvc_chrono.hpp(35,32): warning C5264: 'std::chrono::treat_as_floating_point_v<long double>': 'const' variable is not used
C:\Program Files\Microsoft Visual Studio\2022\Community\VC\Tools\MSVC\14.34.31933\include\__msvc_chrono.hpp(35,32): warning C5264: 'std::chrono::treat_as_floating_point_v<unsigned __int64>': 'const' variable is not used
C:\Program Files\Microsoft Visual Studio\2022\Community\VC\Tools\MSVC\14.34.31933\include\__msvc_chrono.hpp(35,32): warning C5264: 'std::chrono::treat_as_floating_point_v<std::chrono::duration<__int64,std::nano>>': 'const' variable is not used
C:\Program Files\Microsoft Visual Studio\2022\Community\VC\Tools\MSVC\14.34.31933\include\__msvc_chrono.hpp(35,32): warning C5264: 'std::chrono::treat_as_floating_point_v<std::chrono::duration<int,std::ratio<3600,1>>>': 'const' variable is not used
C:\Program Files\Microsoft Visual Studio\2022\Community\VC\Tools\MSVC\14.34.31933\include\system_error(44,28): warning C5264: 'std::is_error_code_enum_v<int>': 'const' variable is not used
C:\Program Files\Microsoft Visual Studio\2022\Community\VC\Tools\MSVC\14.34.31933\include\system_error(44,28): warning C5264: 'std::is_error_code_enum_v<std::error_condition>': 'const' variable is not used
C:\Program Files\Microsoft Visual Studio\2022\Community\VC\Tools\MSVC\14.34.31933\include\system_error(44,28): warning C5264: 'std::is_error_code_enum_v<std::error_code>': 'const' variable is not used
C:\Program Files\Microsoft Visual Studio\2022\Community\VC\Tools\MSVC\14.34.31933\include\system_error(44,28): warning C5264: 'std::is_error_code_enum_v<std::system_error>': 'const' variable is not used
C:\Program Files\Microsoft Visual Studio\2022\Community\VC\Tools\MSVC\14.34.31933\include\system_error(44,28): warning C5264: 'std::is_error_code_enum_v<std::future_errc>': 'const' variable is not used
C:\Program Files\Microsoft Visual Studio\2022\Community\VC\Tools\MSVC\14.34.31933\include\mutex(121,36): warning C5264: 'std::defer_lock': 'const' variable is not used
C:\Program Files\Microsoft Visual Studio\2022\Community\VC\Tools\MSVC\14.34.31933\include\xtr1common(162,28): warning C5264: 'std::disjunction_v<std::is_array<std::mutex>,std::is_void<std::mutex>>': 'const' variable is not used
C:\Program Files\Microsoft Visual Studio\2022\Community\VC\Tools\MSVC\14.34.31933\include\xtr1common(74,28): warning C5264: 'std::is_same_v<double(__cdecl *)(int,int),std::_Alloc_unpack_tuple_t>': 'const' variable is not used
C:\Program Files\Microsoft Visual Studio\2022\Community\VC\Tools\MSVC\14.34.31933\include\xtr1common(74,28): warning C5264: 'std::is_same_v<double(__cdecl *)(int,int),std::_Alloc_exact_args_t>': 'const' variable is not used
C:\Program Files\Microsoft Visual Studio\2022\Community\VC\Tools\MSVC\14.34.31933\include\xtr1common(74,28): warning C5264: 'std::is_same_v<double(__cdecl *)(int,int),std::_Exact_args_t>': 'const' variable is not used
C:\Program Files\Microsoft Visual Studio\2022\Community\VC\Tools\MSVC\14.34.31933\include\xtr1common(74,28): warning C5264: 'std::is_same_v<std::_Func_impl_no_alloc<Concurrency::details::_Task_impl_base::_ScheduleContinuationTask::<lambda_1>::()::<lambda_1>,_Ret>,Concurrency::details::_Task_impl_base::_ScheduleContinuationTask::<lambda_1>::()::<lambda_1>>': 'const' variable is not used
          with
          [
              _Ret=void
          ]
C:\Program Files\Microsoft Visual Studio\2022\Community\VC\Tools\MSVC\14.34.31933\include\xtr1common(74,28): warning C5264: 'std::is_same_v<std::_Func_impl_no_alloc<Concurrency::details::_Task_impl_base::_ScheduleContinuationTask::<lambda_1>,_Ret>,Concurrency::details::_Task_impl_base::_ScheduleContinuationTask::<lambda_1>>': 'const' variable is not used
          with
          [
              _Ret=void
          ]
C:\Program Files\Microsoft Visual Studio\2022\Community\VC\Tools\MSVC\14.34.31933\include\xtr1common(74,28): warning C5264: 'std::is_same_v<std::_Func_impl_no_alloc<Concurrency::details::_Task_impl<_ReturnType>::_CancelAndRunContinuations::<lambda_1>,_Ret>,Concurrency::details::_Task_impl<_ReturnType>::_CancelAndRunContinuations::<lambda_1>>': 'const' variable is not used
          with
          [
              _ReturnType=Concurrency::details::_Unit_type,
              _Ret=void
          ]
C:\Program Files\Microsoft Visual Studio\2022\Community\VC\Tools\MSVC\14.34.31933\include\xtr1common(74,28): warning C5264: 'std::is_same_v<std::_Exact_args_t,std::_Alloc_exact_args_t>': 'const' variable is not used
C:\Program Files\Microsoft Visual Studio\2022\Community\VC\Tools\MSVC\14.34.31933\include\xtr1common(74,28): warning C5264: 'std::is_same_v<std::_Exact_args_t,std::_Exact_args_t>': 'const' variable is not used
C:\Program Files\Microsoft Visual Studio\2022\Community\VC\Tools\MSVC\14.34.31933\include\xtr1common(74,28): warning C5264: 'std::is_same_v<std::_Func_impl_no_alloc<Concurrency::details::_MakeVoidToUnitFunc::<lambda_1>,_Ret>,Concurrency::details::_MakeVoidToUnitFunc::<lambda_1>>': 'const' variable is not used
          with
          [
              _Ret=Concurrency::details::_Unit_type
          ]
C:\Program Files\Microsoft Visual Studio\2022\Community\VC\Tools\MSVC\14.34.31933\include\xtr1common(74,28): warning C5264: 'std::is_same_v<std::_Func_impl_no_alloc<Concurrency::details::_MakeUnitToUnitFunc::<lambda_1>,_Ret,Concurrency::details::_Unit_type>,Concurrency::details::_MakeUnitToUnitFunc::<lambda_1>>': 'const' variable is not used
          with
          [
              _Ret=Concurrency::details::_Unit_type
          ]
C:\Program Files\Microsoft Visual Studio\2022\Community\VC\Tools\MSVC\14.34.31933\include\xtr1common(74,28): warning C5264: 'std::is_same_v<std::_Exact_args_t,std::_Alloc_unpack_tuple_t>': 'const' variable is not used
C:\Program Files\Microsoft Visual Studio\2022\Community\VC\Tools\MSVC\14.34.31933\include\xtr1common(74,28): warning C5264: 'std::is_same_v<std::_Exact_args_t,std::_Unpack_tuple_t>': 'const' variable is not used
C:\Program Files\Microsoft Visual Studio\2022\Community\VC\Tools\MSVC\14.34.31933\include\xtr1common(74,28): warning C5264: 'std::is_same_v<std::_Func_impl_no_alloc<std::_Fake_no_copy_callable_adapter<double (__cdecl &)(int,int),int,int>,_Ret>,std::_Fake_no_copy_callable_adapter<double (__cdecl &)(int,int),int,int>>': 'const' variable is not used
          with
          [
              _Ret=_Ret
          ]
C:\Program Files\Microsoft Visual Studio\2022\Community\VC\Tools\MSVC\14.34.31933\include\xtr1common(74,28): warning C5264: 'std::is_same_v<std::_Func_impl_no_alloc<std::_Task_async_state<_Ret>::{ctor}::<lambda_1>,_Ret>,std::_Task_async_state<_Ret>::{ctor}::<lambda_1>>': 'const' variable is not used
          with
          [
              _Ret=void
          ]
C:\Program Files\Microsoft Visual Studio\2022\Community\VC\Tools\MSVC\14.34.31933\include\type_traits(339,28): warning C5264: 'std::is_convertible_v<const __int64&,std::chrono::system_clock::rep>': 'const' variable is not used
C:\Program Files\Microsoft Visual Studio\2022\Community\VC\Tools\MSVC\14.34.31933\include\type_traits(339,28): warning C5264: 'std::is_convertible_v<const int&,int>': 'const' variable is not used
C:\Program Files\Microsoft Visual Studio\2022\Community\VC\Tools\MSVC\14.34.31933\include\type_traits(339,28): warning C5264: 'std::is_convertible_v<const std::chrono::duration<int,std::ratio<3600,1>>&,__int64>': 'const' variable is not used
C:\Program Files\Microsoft Visual Studio\2022\Community\VC\Tools\MSVC\14.34.31933\include\type_traits(339,28): warning C5264: 'std::is_convertible_v<const std::chrono::duration<__int64,std::nano>&,double>': 'const' variable is not used
C:\Program Files\Microsoft Visual Studio\2022\Community\VC\Tools\MSVC\14.34.31933\include\type_traits(339,28): warning C5264: 'std::is_convertible_v<const _ToRep&,double>': 'const' variable is not used
C:\Program Files\Microsoft Visual Studio\2022\Community\VC\Tools\MSVC\14.34.31933\include\type_traits(339,28): warning C5264: 'std::is_convertible_v<const unsigned __int64&,int>': 'const' variable is not used
C:\Program Files\Microsoft Visual Studio\2022\Community\VC\Tools\MSVC\14.34.31933\include\type_traits(339,28): warning C5264: 'std::is_convertible_v<const long double&,double>': 'const' variable is not used
C:\Program Files\Microsoft Visual Studio\2022\Community\VC\Tools\MSVC\14.34.31933\include\type_traits(339,28): warning C5264: 'std::is_convertible_v<const unsigned __int64&,__int64>': 'const' variable is not used
C:\Program Files\Microsoft Visual Studio\2022\Community\VC\Tools\MSVC\14.34.31933\include\type_traits(64,28): warning C5264: 'std::conjunction_v<std::negation<std::is_array<Concurrency::details::_DefaultPPLTaskScheduler::_PPLTaskChore>>,std::is_convertible<Concurrency::details::_DefaultPPLTaskScheduler::_PPLTaskChore *,_Ty *>,std::is_convertible<std::default_delete<_Ty>,std::default_delete<_Ty>>>': 'const' variable is not used
          with
          [
              _Ty=Concurrency::details::_DefaultPPLTaskScheduler::_PPLTaskChore
          ]
C:\Program Files\Microsoft Visual Studio\2022\Community\VC\Tools\MSVC\14.34.31933\include\type_traits(64,28): warning C5264: 'std::conjunction_v<std::is_default_constructible<size_t>,std::is_default_constructible<Concurrency::details::_CancellationTokenState *>>': 'const' variable is not used
C:\Program Files\Microsoft Visual Studio\2022\Community\VC\Tools\MSVC\14.34.31933\include\type_traits(64,28): warning C5264: 'std::conjunction_v<std::negation<std::is_same<std::pair<size_t,Concurrency::details::_CancellationTokenState *>,std::pair<size_t,Concurrency::details::_CancellationTokenState *>>>,std::is_assignable<size_t &,size_t>,std::is_assignable<Concurrency::details::_CancellationTokenState *&,Concurrency::details::_CancellationTokenState *>>': 'const' variable is not used
C:\Program Files\Microsoft Visual Studio\2022\Community\VC\Tools\MSVC\14.34.31933\include\type_traits(64,28): warning C5264: 'std::conjunction_v<std::negation<std::is_same<std::pair<size_t,Concurrency::details::_CancellationTokenState *>,std::pair<size_t,Concurrency::details::_CancellationTokenState *>>>,std::is_assignable<size_t &,const size_t &>,std::is_assignable<Concurrency::details::_CancellationTokenState *&,Concurrency::details::_CancellationTokenState *const &>>': 'const' variable is not used
C:\Program Files\Microsoft Visual Studio\2022\Community\VC\Tools\MSVC\14.34.31933\include\type_traits(64,28): warning C5264: 'std::conjunction_v<std::_Is_move_assignable_no_precondition_check<_Ty1>,std::_Is_move_assignable_no_precondition_check<_Ty2>>': 'const' variable is not used
          with
          [
              _Ty1=size_t,
              _Ty2=Concurrency::details::_CancellationTokenState *
          ]
C:\Program Files\Microsoft Visual Studio\2022\Community\VC\Tools\MSVC\14.34.31933\include\type_traits(64,28): warning C5264: 'std::conjunction_v<std::_Is_copy_assignable_no_precondition_check<_Ty1>,std::_Is_copy_assignable_no_precondition_check<_Ty2>>': 'const' variable is not used
          with
          [
              _Ty1=size_t,
              _Ty2=Concurrency::details::_CancellationTokenState *
          ]
C:\Program Files\Microsoft Visual Studio\2022\Community\VC\Tools\MSVC\14.34.31933\include\type_traits(64,28): warning C5264: 'std::conjunction_v<std::_Tuple_perfect_val<std::tuple<double (__cdecl *)(int,int),int,int>,_Ty>,std::_Tuple_constructible_val<std::tuple<double (__cdecl *)(int,int),int,int>,_Ty>>': 'const' variable is not used
          with
          [
              _Ty=int
          ]
C:\Program Files\Microsoft Visual Studio\2022\Community\VC\Tools\MSVC\14.34.31933\include\type_traits(64,28): warning C5264: 'std::conjunction_v<std::_Tuple_perfect_val<std::tuple<double (__cdecl *)(int,int),int,int>,double (__cdecl &)(int,int),_Ty,_Ty>,std::_Tuple_constructible_val<std::tuple<double (__cdecl *)(int,int),int,int>,double (__cdecl &)(int,int),_Ty,_Ty>>': 'const' variable is not used
          with
          [
              _Ty=int
          ]
C:\Program Files\Microsoft Visual Studio\2022\Community\VC\Tools\MSVC\14.34.31933\include\type_traits(64,28): warning C5264: 'std::conjunction_v<std::_Tuple_perfect_val<std::tuple<double (__cdecl *)(int,int),int,int>,_Ty,_Ty>,std::_Tuple_constructible_val<std::tuple<double (__cdecl *)(int,int),int,int>,_Ty,_Ty>>': 'const' variable is not used
          with
          [
              _Ty=int
          ]
C:\Program Files\Microsoft Visual Studio\2022\Community\VC\Tools\MSVC\14.34.31933\include\type_traits(64,28): warning C5264: 'std::conjunction_v<std::_Tuple_perfect_val<std::tuple<double (__cdecl *)(int,int),int,int>,std::_Exact_args_t,double (__cdecl &)(int,int),_Ty,_Ty>,std::_Tuple_constructible_val<std::tuple<double (__cdecl *)(int,int),int,int>,std::_Exact_args_t,double (__cdecl &)(int,int),_Ty,_Ty>>': 'const' variable is not used
          with
          [
              _Ty=int
          ]
C:\Program Files\Microsoft Visual Studio\2022\Community\VC\Tools\MSVC\14.34.31933\include\type_traits(64,28): warning C5264: 'std::conjunction_v<std::_Tuple_perfect_val<std::tuple<int,int>,_Ty>,std::_Tuple_constructible_val<std::tuple<int,int>,_Ty>>': 'const' variable is not used
          with
          [
              _Ty=int
          ]
C:\Program Files\Microsoft Visual Studio\2022\Community\VC\Tools\MSVC\14.34.31933\include\type_traits(64,28): warning C5264: 'std::conjunction_v<std::_Tuple_perfect_val<std::tuple<int,int>,std::_Exact_args_t,_Ty,_Ty>,std::_Tuple_constructible_val<std::tuple<int,int>,std::_Exact_args_t,_Ty,_Ty>>': 'const' variable is not used
          with
          [
              _Ty=int
          ]
C:\Program Files\Microsoft Visual Studio\2022\Community\VC\Tools\MSVC\14.34.31933\include\type_traits(64,28): warning C5264: 'std::conjunction_v<std::is_default_constructible<int>>': 'const' variable is not used
C:\Program Files\Microsoft Visual Studio\2022\Community\VC\Tools\MSVC\14.34.31933\include\type_traits(64,28): warning C5264: 'std::conjunction_v<std::_Tuple_perfect_val<std::tuple<int>,std::_Exact_args_t,_Ty>,std::_Tuple_constructible_val<std::tuple<int>,std::_Exact_args_t,_Ty>>': 'const' variable is not used
          with
          [
              _Ty=int
          ]
C:\Program Files\Microsoft Visual Studio\2022\Community\VC\Tools\MSVC\14.34.31933\include\type_traits(64,28): warning C5264: 'std::conjunction_v<std::is_default_constructible<double (__cdecl *)(int,int)>,std::is_default_constructible<int>,std::is_default_constructible<int>>': 'const' variable is not used
C:\Program Files\Microsoft Visual Studio\2022\Community\VC\Tools\MSVC\14.34.31933\include\type_traits(667,28): warning C5264: 'std::is_move_constructible_v<std::default_delete<Concurrency::details::_DefaultPPLTaskScheduler::_PPLTaskChore>>': 'const' variable is not used
C:\Program Files\Microsoft Visual Studio\2022\Community\VC\Tools\MSVC\14.34.31933\include\type_traits(667,28): warning C5264: 'std::is_move_constructible_v<std::default_delete<Concurrency::details::_TaskProcHandle>>': 'const' variable is not used
C:\Program Files\Microsoft Visual Studio\2022\Community\VC\Tools\MSVC\14.34.31933\include\utility(114,45): warning C5264: 'std::piecewise_construct': 'const' variable is not used
C:\Program Files\Microsoft Visual Studio\2022\Community\VC\Tools\MSVC\14.34.31933\include\limits(1197,16): warning C5264: 'std::_Is_standard_unsigned_integer<std::_Vbase>': 'const' variable is not used
C:\Program Files\Microsoft Visual Studio\2022\Community\VC\Tools\MSVC\14.34.31933\include\tuple(132,31): warning C5264: 'std::ignore': 'const' variable is not used
C:\Program Files\Microsoft Visual Studio\2022\Community\VC\Tools\MSVC\14.34.31933\include\mutex(122,37): warning C5264: 'std::try_to_lock': 'const' variable is not used
C:\Program Files\Microsoft Visual Studio\2022\Community\VC\Tools\MSVC\14.34.31933\include\tuple(44,28): warning C5264: 'std::_Tuple_constructible_v<std::tuple<double (__cdecl *)(int,int),int,int>,double(__cdecl *)(int,int),int,int>': 'const' variable is not used
C:\Program Files\Microsoft Visual Studio\2022\Community\VC\Tools\MSVC\14.34.31933\include\tuple(44,28): warning C5264: 'std::_Tuple_constructible_v<std::tuple<double (__cdecl *)(int,int),int,int>,double(__cdecl *const &)(int,int),const int&,const int&>': 'const' variable is not used
C:\Program Files\Microsoft Visual Studio\2022\Community\VC\Tools\MSVC\14.34.31933\include\tuple(44,28): warning C5264: 'std::_Tuple_constructible_v<std::tuple<int,int>,int,int>': 'const' variable is not used
C:\Program Files\Microsoft Visual Studio\2022\Community\VC\Tools\MSVC\14.34.31933\include\tuple(44,28): warning C5264: 'std::_Tuple_constructible_v<std::tuple<int,int>,const int&,const int&>': 'const' variable is not used
C:\Program Files\Microsoft Visual Studio\2022\Community\VC\Tools\MSVC\14.34.31933\include\mutex(120,36): warning C5264: 'std::adopt_lock': 'const' variable is not used
D:\Projects\C++\Multithreading-Training\01 - Pi Calculation Leibniz\01-pi-calculation-leibniz.cpp(49): warning C5045: Compiler will insert Spectre mitigation for memory load if /Qspectre switch specified
D:\Projects\C++\Multithreading-Training\01 - Pi Calculation Leibniz\01-pi-calculation-leibniz.cpp(47): message : index '' range checked by comparison on this line
D:\Projects\C++\Multithreading-Training\01 - Pi Calculation Leibniz\01-pi-calculation-leibniz.cpp(49): message : feeds call on this line
C:\Program Files\Microsoft Visual Studio\2022\Community\VC\Tools\MSVC\14.34.31933\include\ppltasks.h(202): warning C5045: Compiler will insert Spectre mitigation for memory load if /Qspectre switch specified
C:\Program Files\Microsoft Visual Studio\2022\Community\VC\Tools\MSVC\14.34.31933\include\ppltasks.h(198): message : index '_CaptureFrames' range checked by comparison on this line
C:\Program Files\Microsoft Visual Studio\2022\Community\VC\Tools\MSVC\14.34.31933\include\ppltasks.h(202): message : feeds call on this line
  01 - Pi Calculation Leibniz.vcxproj -> D:\Projects\C++\Multithreading-Training\01 - Pi Calculation Leibniz\x64\Debug\01 - Pi Calculation Leibniz.exe
