d:\projects\c++\multithreading-training\03 - recursive copy\x64\debug\vc143.pdb
d:\projects\c++\multithreading-training\03 - recursive copy\x64\debug\vc143.idb
d:\projects\c++\multithreading-training\03 - recursive copy\x64\debug\recursivefilegenerator.obj
d:\projects\c++\multithreading-training\03 - recursive copy\x64\debug\03 - recursive copy.obj
d:\projects\c++\multithreading-training\03 - recursive copy\x64\debug\copymanager.obj
d:\projects\c++\multithreading-training\03 - recursive copy\x64\debug\03 - recursive copy.pdb
d:\projects\c++\multithreading-training\03 - recursive copy\x64\debug\03 - rec.e46f93de.tlog\cl.command.1.tlog
d:\projects\c++\multithreading-training\03 - recursive copy\x64\debug\03 - rec.e46f93de.tlog\cl.read.1.tlog
d:\projects\c++\multithreading-training\03 - recursive copy\x64\debug\03 - rec.e46f93de.tlog\cl.write.1.tlog
d:\projects\c++\multithreading-training\03 - recursive copy\x64\debug\03 - rec.e46f93de.tlog\link-cvtres.read.1.tlog
d:\projects\c++\multithreading-training\03 - recursive copy\x64\debug\03 - rec.e46f93de.tlog\link-cvtres.write.1.tlog
d:\projects\c++\multithreading-training\03 - recursive copy\x64\debug\03 - rec.e46f93de.tlog\link-rc.read.1.tlog
d:\projects\c++\multithreading-training\03 - recursive copy\x64\debug\03 - rec.e46f93de.tlog\link-rc.write.1.tlog
d:\projects\c++\multithreading-training\03 - recursive copy\x64\debug\03 - rec.e46f93de.tlog\link.2808-cvtres.read.1.tlog
d:\projects\c++\multithreading-training\03 - recursive copy\x64\debug\03 - rec.e46f93de.tlog\link.2808-cvtres.write.1.tlog
d:\projects\c++\multithreading-training\03 - recursive copy\x64\debug\03 - rec.e46f93de.tlog\link.2808-rc.read.1.tlog
d:\projects\c++\multithreading-training\03 - recursive copy\x64\debug\03 - rec.e46f93de.tlog\link.2808-rc.write.1.tlog
d:\projects\c++\multithreading-training\03 - recursive copy\x64\debug\03 - rec.e46f93de.tlog\link.2808.read.1.tlog
d:\projects\c++\multithreading-training\03 - recursive copy\x64\debug\03 - rec.e46f93de.tlog\link.2808.read.2.tlog
d:\projects\c++\multithreading-training\03 - recursive copy\x64\debug\03 - rec.e46f93de.tlog\link.2808.write.1.tlog
d:\projects\c++\multithreading-training\03 - recursive copy\x64\debug\03 - rec.e46f93de.tlog\link.command.1.tlog
d:\projects\c++\multithreading-training\03 - recursive copy\x64\debug\03 - rec.e46f93de.tlog\link.read.1.tlog
d:\projects\c++\multithreading-training\03 - recursive copy\x64\debug\03 - rec.e46f93de.tlog\link.read.2.tlog
d:\projects\c++\multithreading-training\03 - recursive copy\x64\debug\03 - rec.e46f93de.tlog\link.write.1.tlog
